[2024-09-16 13:51:41] local.ERROR: Error fetching audio: Attempt to read property "audio" on null  
[2024-09-16 13:51:50] local.ERROR: Error fetching audio: Attempt to read property "audio" on null  
[2024-09-16 13:51:55] local.ERROR: Error fetching audio: Attempt to read property "audio" on null  
[2024-09-16 14:01:41] local.ERROR: Error fetching audio: Attempt to read property "audio" on null  
[2024-09-16 14:01:54] local.ERROR: Error fetching audio: Attempt to read property "audio" on null  
[2024-09-16 14:01:56] local.ERROR: Error fetching audio: Attempt to read property "audio" on null  
[2024-09-16 14:55:35] local.ERROR: Error fetching audio: Attempt to read property "audio" on null  
[2024-09-16 14:56:52] local.ERROR: Error fetching audio: Attempt to read property "audio" on null  
[2024-09-16 14:56:59] local.ERROR: Error fetching audio: Attempt to read property "audio" on null  
[2024-09-16 14:57:02] local.ERROR: Error fetching audio: Attempt to read property "audio" on null  
[2024-09-16 14:57:31] local.ERROR: Error fetching audio: Attempt to read property "audio" on null  
[2024-09-16 14:57:33] local.ERROR: Error fetching audio: Attempt to read property "audio" on null  
[2024-09-16 14:57:37] local.ERROR: Error fetching audio: Attempt to read property "audio" on null  
[2024-09-16 14:57:41] local.ERROR: Error fetching audio: Attempt to read property "audio" on null  
[2024-09-16 14:57:46] local.ERROR: Error fetching audio: Attempt to read property "audio" on null  
[2024-09-16 14:58:07] local.ERROR: Error fetching audio: Attempt to read property "audio" on null  
[2024-09-16 14:58:09] local.ERROR: Error fetching audio: Attempt to read property "audio" on null  
[2024-09-16 14:58:14] local.ERROR: Error fetching audio: Attempt to read property "audio" on null  
[2024-09-16 14:58:28] local.ERROR: Error fetching audio: Attempt to read property "audio" on null  
[2024-09-16 14:58:33] local.ERROR: Error fetching audio: Attempt to read property "audio" on null  
[2024-09-16 14:59:58] local.ERROR: Call to undefined method Illuminate\Database\Eloquent\Builder::forceFill() {"userId":1,"exception":"[object] (BadMethodCallException(code: 0): Call to undefined method Illuminate\\Database\\Eloquent\\Builder::forceFill() at /home/vagrant/Sites/lara2/vendor/laravel/framework/src/Illuminate/Support/Traits/ForwardsCalls.php:67)
[stacktrace]
#0 /home/vagrant/Sites/lara2/vendor/laravel/framework/src/Illuminate/Support/Traits/ForwardsCalls.php(36): Illuminate\\Database\\Eloquent\\Builder::throwBadMethodCallException()
#1 /home/vagrant/Sites/lara2/vendor/laravel/framework/src/Illuminate/Database/Eloquent/Builder.php(1971): Illuminate\\Database\\Eloquent\\Builder->forwardCallTo()
#2 /home/vagrant/Sites/lara2/app/Http/Controllers/GroupController.php(59): Illuminate\\Database\\Eloquent\\Builder->__call()
#3 /home/vagrant/Sites/lara2/vendor/laravel/framework/src/Illuminate/Routing/Controller.php(54): App\\Http\\Controllers\\GroupController->destroy()
#4 /home/vagrant/Sites/lara2/vendor/laravel/framework/src/Illuminate/Routing/ControllerDispatcher.php(43): Illuminate\\Routing\\Controller->callAction()
#5 /home/vagrant/Sites/lara2/vendor/laravel/framework/src/Illuminate/Routing/Route.php(259): Illuminate\\Routing\\ControllerDispatcher->dispatch()
#6 /home/vagrant/Sites/lara2/vendor/laravel/framework/src/Illuminate/Routing/Route.php(205): Illuminate\\Routing\\Route->runController()
#7 /home/vagrant/Sites/lara2/vendor/laravel/framework/src/Illuminate/Routing/Router.php(806): Illuminate\\Routing\\Route->run()
#8 /home/vagrant/Sites/lara2/vendor/laravel/framework/src/Illuminate/Pipeline/Pipeline.php(144): Illuminate\\Routing\\Router->Illuminate\\Routing\\{closure}()
#9 /home/vagrant/Sites/lara2/app/Http/Middleware/Impersonate.php(21): Illuminate\\Pipeline\\Pipeline->Illuminate\\Pipeline\\{closure}()
#10 /home/vagrant/Sites/lara2/vendor/laravel/framework/src/Illuminate/Pipeline/Pipeline.php(183): App\\Http\\Middleware\\Impersonate->handle()
#11 /home/vagrant/Sites/lara2/vendor/laravel/framework/src/Illuminate/Routing/Middleware/SubstituteBindings.php(50): Illuminate\\Pipeline\\Pipeline->Illuminate\\Pipeline\\{closure}()
#12 /home/vagrant/Sites/lara2/vendor/laravel/framework/src/Illuminate/Pipeline/Pipeline.php(183): Illuminate\\Routing\\Middleware\\SubstituteBindings->handle()
#13 /home/vagrant/Sites/lara2/vendor/laravel/framework/src/Illuminate/Auth/Middleware/Authenticate.php(57): Illuminate\\Pipeline\\Pipeline->Illuminate\\Pipeline\\{closure}()
#14 /home/vagrant/Sites/lara2/vendor/laravel/framework/src/Illuminate/Pipeline/Pipeline.php(183): Illuminate\\Auth\\Middleware\\Authenticate->handle()
#15 /home/vagrant/Sites/lara2/vendor/laravel/framework/src/Illuminate/Foundation/Http/Middleware/VerifyCsrfToken.php(78): Illuminate\\Pipeline\\Pipeline->Illuminate\\Pipeline\\{closure}()
#16 /home/vagrant/Sites/lara2/vendor/laravel/framework/src/Illuminate/Pipeline/Pipeline.php(183): Illuminate\\Foundation\\Http\\Middleware\\VerifyCsrfToken->handle()
#17 /home/vagrant/Sites/lara2/vendor/laravel/framework/src/Illuminate/View/Middleware/ShareErrorsFromSession.php(49): Illuminate\\Pipeline\\Pipeline->Illuminate\\Pipeline\\{closure}()
#18 /home/vagrant/Sites/lara2/vendor/laravel/framework/src/Illuminate/Pipeline/Pipeline.php(183): Illuminate\\View\\Middleware\\ShareErrorsFromSession->handle()
#19 /home/vagrant/Sites/lara2/app/Http/Middleware/Language.php(23): Illuminate\\Pipeline\\Pipeline->Illuminate\\Pipeline\\{closure}()
#20 /home/vagrant/Sites/lara2/vendor/laravel/framework/src/Illuminate/Pipeline/Pipeline.php(183): App\\Http\\Middleware\\Language->handle()
#21 /home/vagrant/Sites/lara2/vendor/laravel/framework/src/Illuminate/Session/Middleware/StartSession.php(121): Illuminate\\Pipeline\\Pipeline->Illuminate\\Pipeline\\{closure}()
#22 /home/vagrant/Sites/lara2/vendor/laravel/framework/src/Illuminate/Session/Middleware/StartSession.php(64): Illuminate\\Session\\Middleware\\StartSession->handleStatefulRequest()
#23 /home/vagrant/Sites/lara2/vendor/laravel/framework/src/Illuminate/Pipeline/Pipeline.php(183): Illuminate\\Session\\Middleware\\StartSession->handle()
#24 /home/vagrant/Sites/lara2/vendor/laravel/framework/src/Illuminate/Cookie/Middleware/AddQueuedCookiesToResponse.php(37): Illuminate\\Pipeline\\Pipeline->Illuminate\\Pipeline\\{closure}()
#25 /home/vagrant/Sites/lara2/vendor/laravel/framework/src/Illuminate/Pipeline/Pipeline.php(183): Illuminate\\Cookie\\Middleware\\AddQueuedCookiesToResponse->handle()
#26 /home/vagrant/Sites/lara2/vendor/laravel/framework/src/Illuminate/Cookie/Middleware/EncryptCookies.php(67): Illuminate\\Pipeline\\Pipeline->Illuminate\\Pipeline\\{closure}()
#27 /home/vagrant/Sites/lara2/vendor/laravel/framework/src/Illuminate/Pipeline/Pipeline.php(183): Illuminate\\Cookie\\Middleware\\EncryptCookies->handle()
#28 /home/vagrant/Sites/lara2/vendor/dacoto/laravel-wizard-installer/src/Middleware/ToInstallMiddleware.php(24): Illuminate\\Pipeline\\Pipeline->Illuminate\\Pipeline\\{closure}()
#29 /home/vagrant/Sites/lara2/vendor/laravel/framework/src/Illuminate/Pipeline/Pipeline.php(183): dacoto\\LaravelWizardInstaller\\Middleware\\ToInstallMiddleware->handle()
#30 /home/vagrant/Sites/lara2/vendor/laravel/framework/src/Illuminate/Pipeline/Pipeline.php(119): Illuminate\\Pipeline\\Pipeline->Illuminate\\Pipeline\\{closure}()
#31 /home/vagrant/Sites/lara2/vendor/laravel/framework/src/Illuminate/Routing/Router.php(805): Illuminate\\Pipeline\\Pipeline->then()
#32 /home/vagrant/Sites/lara2/vendor/laravel/framework/src/Illuminate/Routing/Router.php(784): Illuminate\\Routing\\Router->runRouteWithinStack()
#33 /home/vagrant/Sites/lara2/vendor/laravel/framework/src/Illuminate/Routing/Router.php(748): Illuminate\\Routing\\Router->runRoute()
#34 /home/vagrant/Sites/lara2/vendor/laravel/framework/src/Illuminate/Routing/Router.php(737): Illuminate\\Routing\\Router->dispatchToRoute()
#35 /home/vagrant/Sites/lara2/vendor/laravel/framework/src/Illuminate/Foundation/Http/Kernel.php(200): Illuminate\\Routing\\Router->dispatch()
#36 /home/vagrant/Sites/lara2/vendor/laravel/framework/src/Illuminate/Pipeline/Pipeline.php(144): Illuminate\\Foundation\\Http\\Kernel->Illuminate\\Foundation\\Http\\{closure}()
#37 /home/vagrant/Sites/lara2/vendor/livewire/livewire/src/Features/SupportDisablingBackButtonCache/DisableBackButtonCacheMiddleware.php(19): Illuminate\\Pipeline\\Pipeline->Illuminate\\Pipeline\\{closure}()
#38 /home/vagrant/Sites/lara2/vendor/laravel/framework/src/Illuminate/Pipeline/Pipeline.php(183): Livewire\\Features\\SupportDisablingBackButtonCache\\DisableBackButtonCacheMiddleware->handle()
#39 /home/vagrant/Sites/lara2/vendor/barryvdh/laravel-debugbar/src/Middleware/InjectDebugbar.php(59): Illuminate\\Pipeline\\Pipeline->Illuminate\\Pipeline\\{closure}()
#40 /home/vagrant/Sites/lara2/vendor/laravel/framework/src/Illuminate/Pipeline/Pipeline.php(183): Barryvdh\\Debugbar\\Middleware\\InjectDebugbar->handle()
#41 /home/vagrant/Sites/lara2/vendor/laravel/framework/src/Illuminate/Foundation/Http/Middleware/TransformsRequest.php(21): Illuminate\\Pipeline\\Pipeline->Illuminate\\Pipeline\\{closure}()
#42 /home/vagrant/Sites/lara2/vendor/laravel/framework/src/Illuminate/Foundation/Http/Middleware/ConvertEmptyStringsToNull.php(31): Illuminate\\Foundation\\Http\\Middleware\\TransformsRequest->handle()
#43 /home/vagrant/Sites/lara2/vendor/laravel/framework/src/Illuminate/Pipeline/Pipeline.php(183): Illuminate\\Foundation\\Http\\Middleware\\ConvertEmptyStringsToNull->handle()
#44 /home/vagrant/Sites/lara2/vendor/laravel/framework/src/Illuminate/Foundation/Http/Middleware/TransformsRequest.php(21): Illuminate\\Pipeline\\Pipeline->Illuminate\\Pipeline\\{closure}()
#45 /home/vagrant/Sites/lara2/vendor/laravel/framework/src/Illuminate/Foundation/Http/Middleware/TrimStrings.php(40): Illuminate\\Foundation\\Http\\Middleware\\TransformsRequest->handle()
#46 /home/vagrant/Sites/lara2/vendor/laravel/framework/src/Illuminate/Pipeline/Pipeline.php(183): Illuminate\\Foundation\\Http\\Middleware\\TrimStrings->handle()
#47 /home/vagrant/Sites/lara2/vendor/laravel/framework/src/Illuminate/Foundation/Http/Middleware/ValidatePostSize.php(27): Illuminate\\Pipeline\\Pipeline->Illuminate\\Pipeline\\{closure}()
#48 /home/vagrant/Sites/lara2/vendor/laravel/framework/src/Illuminate/Pipeline/Pipeline.php(183): Illuminate\\Foundation\\Http\\Middleware\\ValidatePostSize->handle()
#49 /home/vagrant/Sites/lara2/vendor/laravel/framework/src/Illuminate/Foundation/Http/Middleware/PreventRequestsDuringMaintenance.php(99): Illuminate\\Pipeline\\Pipeline->Illuminate\\Pipeline\\{closure}()
#50 /home/vagrant/Sites/lara2/vendor/laravel/framework/src/Illuminate/Pipeline/Pipeline.php(183): Illuminate\\Foundation\\Http\\Middleware\\PreventRequestsDuringMaintenance->handle()
#51 /home/vagrant/Sites/lara2/vendor/laravel/framework/src/Illuminate/Http/Middleware/HandleCors.php(49): Illuminate\\Pipeline\\Pipeline->Illuminate\\Pipeline\\{closure}()
#52 /home/vagrant/Sites/lara2/vendor/laravel/framework/src/Illuminate/Pipeline/Pipeline.php(183): Illuminate\\Http\\Middleware\\HandleCors->handle()
#53 /home/vagrant/Sites/lara2/vendor/laravel/framework/src/Illuminate/Pipeline/Pipeline.php(119): Illuminate\\Pipeline\\Pipeline->Illuminate\\Pipeline\\{closure}()
#54 /home/vagrant/Sites/lara2/vendor/laravel/framework/src/Illuminate/Foundation/Http/Kernel.php(175): Illuminate\\Pipeline\\Pipeline->then()
#55 /home/vagrant/Sites/lara2/vendor/laravel/framework/src/Illuminate/Foundation/Http/Kernel.php(144): Illuminate\\Foundation\\Http\\Kernel->sendRequestThroughRouter()
#56 /home/vagrant/Sites/lara2/public/index.php(51): Illuminate\\Foundation\\Http\\Kernel->handle()
#57 {main}
"} 
[2024-09-16 15:00:25] local.ERROR: Error fetching audio: Attempt to read property "audio" on null  
[2024-09-16 15:00:27] local.ERROR: Error fetching audio: Attempt to read property "audio" on null  
[2024-09-16 15:00:33] local.ERROR: Error fetching audio: Attempt to read property "audio" on null  
[2024-09-16 15:00:38] local.ERROR: Error fetching audio: Attempt to read property "audio" on null  
[2024-09-16 15:00:44] local.ERROR: Error fetching audio: Attempt to read property "audio" on null  
[2024-09-16 15:00:53] local.ERROR: Error fetching audio: Attempt to read property "audio" on null  
